This file contains any messages produced by compilers while
running configure, to aid debugging if configure makes a mistake.

It was created by libupnp configure 1.6.22, which was
generated by GNU Autoconf 2.69.  Invocation command line was

  $ ./configure 

## --------- ##
## Platform. ##
## --------- ##

hostname = x360
uname -m = x86_64
uname -r = 4.4.0-83-generic
uname -s = Linux
uname -v = #106-Ubuntu SMP Mon Jun 26 17:54:43 UTC 2017

/usr/bin/uname -p = unknown
/bin/uname -X     = unknown

/bin/arch              = unknown
/usr/bin/arch -k       = unknown
/usr/convex/getsysinfo = unknown
/usr/bin/hostinfo      = unknown
/bin/machine           = unknown
/usr/bin/oslevel       = unknown
/bin/universe          = unknown

PATH: /home/gabriele/.local/share/umake/bin
PATH: /home/gabriele/.local/share/umake/bin
PATH: /home/gabriele/bin
PATH: /home/gabriele/.local/bin
PATH: /usr/local/sbin
PATH: /usr/local/bin
PATH: /usr/sbin
PATH: /usr/bin
PATH: /sbin
PATH: /bin
PATH: /usr/games
PATH: /usr/local/games
PATH: /snap/bin
PATH: /usr/lib/jvm/java-8-oracle/bin
PATH: /usr/lib/jvm/java-8-oracle/db/bin
PATH: /usr/lib/jvm/java-8-oracle/jre/bin
PATH: /home/gabriele/rumprun/rumprun/bin
PATH: /opt/PrismTech/Vortex_v2/Device/VortexLite/2.0.4/bin/linux_gcc_x86
PATH: /home/gabriele/rumprun/rumprun/bin
PATH: /home/gabriele/Android/Sdk/platform-tools


## ----------- ##
## Core tests. ##
## ----------- ##

configure:2412: checking for a BSD-compatible install
configure:2480: result: /usr/bin/install -c
configure:2491: checking whether build environment is sane
configure:2546: result: yes
configure:2697: checking for a thread-safe mkdir -p
configure:2736: result: /bin/mkdir -p
configure:2743: checking for gawk
configure:2759: found /usr/bin/gawk
configure:2770: result: gawk
configure:2781: checking whether make sets $(MAKE)
configure:2803: result: yes
configure:2832: checking whether make supports nested variables
configure:2849: result: yes
configure:2942: checking build system type
configure:2956: result: x86_64-unknown-linux-gnu
configure:2976: checking host system type
configure:2989: result: x86_64-unknown-linux-gnu
configure:3056: checking for --enable-debug
configure:3064: result: no
configure:3093: checking for --enable-client
configure:3101: result: yes
configure:3120: checking for --enable-device
configure:3128: result: yes
configure:3150: checking for --enable-webserver
configure:3158: result: yes
configure:3185: checking for --enable-ssdp
configure:3193: result: yes
configure:3211: checking for --enable-optssdp
configure:3219: result: yes
configure:3238: checking for --enable-soap
configure:3246: result: yes
configure:3264: checking for --enable-gena
configure:3272: result: yes
configure:3300: checking for --enable-tools
configure:3308: result: yes
configure:3326: checking for --enable-ipv6
configure:3334: result: no
configure:3352: checking for --enable-unspecified_server
configure:3360: result: no
configure:3378: checking for --enable-notification_reordering
configure:3386: result: yes
configure:3404: checking for --enable-blocking_tcp_connections
configure:3412: result: yes
configure:3430: checking for --enable-scriptsupport
configure:3438: result: yes
configure:3456: checking for --enable-postwrite
configure:3464: result: no
configure:3482: checking for --enable-reuseaddr
configure:3490: result: no
configure:3508: checking for --enable-samples
configure:3516: result: yes
configure:3537: checking for documentation directory
configure:3563: result: ${datarootdir}/doc/libupnp-1.6.22
configure:3618: checking for gcc
configure:3634: found /usr/bin/gcc
configure:3645: result: gcc
configure:3874: checking for C compiler version
configure:3883: gcc --version >&5
gcc (Ubuntu 5.4.0-6ubuntu1~16.04.4) 5.4.0 20160609
Copyright (C) 2015 Free Software Foundation, Inc.
This is free software; see the source for copying conditions.  There is NO
warranty; not even for MERCHANTABILITY or FITNESS FOR A PARTICULAR PURPOSE.

configure:3894: $? = 0
configure:3883: gcc -v >&5
Using built-in specs.
COLLECT_GCC=gcc
COLLECT_LTO_WRAPPER=/usr/lib/gcc/x86_64-linux-gnu/5/lto-wrapper
Target: x86_64-linux-gnu
Configured with: ../src/configure -v --with-pkgversion='Ubuntu 5.4.0-6ubuntu1~16.04.4' --with-bugurl=file:///usr/share/doc/gcc-5/README.Bugs --enable-languages=c,ada,c++,java,go,d,fortran,objc,obj-c++ --prefix=/usr --program-suffix=-5 --enable-shared --enable-linker-build-id --libexecdir=/usr/lib --without-included-gettext --enable-threads=posix --libdir=/usr/lib --enable-nls --with-sysroot=/ --enable-clocale=gnu --enable-libstdcxx-debug --enable-libstdcxx-time=yes --with-default-libstdcxx-abi=new --enable-gnu-unique-object --disable-vtable-verify --enable-libmpx --enable-plugin --with-system-zlib --disable-browser-plugin --enable-java-awt=gtk --enable-gtk-cairo --with-java-home=/usr/lib/jvm/java-1.5.0-gcj-5-amd64/jre --enable-java-home --with-jvm-root-dir=/usr/lib/jvm/java-1.5.0-gcj-5-amd64 --with-jvm-jar-dir=/usr/lib/jvm-exports/java-1.5.0-gcj-5-amd64 --with-arch-directory=amd64 --with-ecj-jar=/usr/share/java/eclipse-ecj.jar --enable-objc-gc --enable-multiarch --disable-werror --with-arch-32=i686 --with-abi=m64 --with-multilib-list=m32,m64,mx32 --enable-multilib --with-tune=generic --enable-checking=release --build=x86_64-linux-gnu --host=x86_64-linux-gnu --target=x86_64-linux-gnu
Thread model: posix
gcc version 5.4.0 20160609 (Ubuntu 5.4.0-6ubuntu1~16.04.4) 
configure:3894: $? = 0
configure:3883: gcc -V >&5
gcc: error: unrecognized command line option '-V'
gcc: fatal error: no input files
compilation terminated.
configure:3894: $? = 1
configure:3883: gcc -qversion >&5
gcc: error: unrecognized command line option '-qversion'
gcc: fatal error: no input files
compilation terminated.
configure:3894: $? = 1
configure:3914: checking whether the C compiler works
configure:3936: gcc    conftest.c  >&5
configure:3940: $? = 0
configure:3988: result: yes
configure:3991: checking for C compiler default output file name
configure:3993: result: a.out
configure:3999: checking for suffix of executables
configure:4006: gcc -o conftest    conftest.c  >&5
configure:4010: $? = 0
configure:4032: result: 
configure:4054: checking whether we are cross compiling
configure:4062: gcc -o conftest    conftest.c  >&5
configure:4066: $? = 0
configure:4073: ./conftest
configure:4077: $? = 0
configure:4092: result: no
configure:4097: checking for suffix of object files
configure:4119: gcc -c   conftest.c >&5
configure:4123: $? = 0
configure:4144: result: o
configure:4148: checking whether we are using the GNU C compiler
configure:4167: gcc -c   conftest.c >&5
configure:4167: $? = 0
configure:4176: result: yes
configure:4185: checking whether gcc accepts -g
configure:4205: gcc -c -g  conftest.c >&5
configure:4205: $? = 0
configure:4246: result: yes
configure:4263: checking for gcc option to accept ISO C89
configure:4326: gcc  -c -g -O2  conftest.c >&5
configure:4326: $? = 0
configure:4339: result: none needed
configure:4370: checking for style of include used by make
configure:4398: result: GNU
configure:4424: checking dependency style of gcc
configure:4535: result: gcc3
configure:4551: checking whether gcc and cc understand -c and -o together
configure:4582: gcc -c conftest.c -o conftest2.o >&5
configure:4586: $? = 0
configure:4592: gcc -c conftest.c -o conftest2.o >&5
configure:4596: $? = 0
configure:4607: cc -c conftest.c >&5
configure:4611: $? = 0
configure:4619: cc -c conftest.c -o conftest2.o >&5
configure:4623: $? = 0
configure:4629: cc -c conftest.c -o conftest2.o >&5
configure:4633: $? = 0
configure:4651: result: yes
configure:4726: checking for ar
configure:4742: found /usr/bin/ar
configure:4753: result: ar
configure:4779: checking the archiver (ar) interface
configure:4789: gcc -c -g -O2  conftest.c >&5
configure:4789: $? = 0
configure:4791: ar cru libconftest.a conftest.o >&5
ar: `u' modifier ignored since `D' is the default (see `U')
configure:4794: $? = 0
configure:4817: result: ar
configure:4883: checking how to print strings
configure:4910: result: printf
configure:4931: checking for a sed that does not truncate output
configure:4995: result: /bin/sed
configure:5013: checking for grep that handles long lines and -e
configure:5071: result: /bin/grep
configure:5076: checking for egrep
configure:5138: result: /bin/grep -E
configure:5143: checking for fgrep
configure:5205: result: /bin/grep -F
configure:5240: checking for ld used by gcc
configure:5307: result: /usr/bin/ld
configure:5314: checking if the linker (/usr/bin/ld) is GNU ld
configure:5329: result: yes
configure:5341: checking for BSD- or MS-compatible name lister (nm)
configure:5390: result: /usr/bin/nm -B
configure:5520: checking the name lister (/usr/bin/nm -B) interface
configure:5527: gcc -c -g -O2  conftest.c >&5
configure:5530: /usr/bin/nm -B "conftest.o"
configure:5533: output
0000000000000000 B some_variable
configure:5540: result: BSD nm
configure:5543: checking whether ln -s works
configure:5547: result: yes
configure:5555: checking the maximum length of command line arguments
configure:5685: result: 1572864
configure:5702: checking whether the shell understands some XSI constructs
configure:5712: result: yes
configure:5716: checking whether the shell understands "+="
configure:5722: result: yes
configure:5757: checking how to convert x86_64-unknown-linux-gnu file names to x86_64-unknown-linux-gnu format
configure:5797: result: func_convert_file_noop
configure:5804: checking how to convert x86_64-unknown-linux-gnu file names to toolchain format
configure:5824: result: func_convert_file_noop
configure:5831: checking for /usr/bin/ld option to reload object files
configure:5838: result: -r
configure:5912: checking for objdump
configure:5928: found /usr/bin/objdump
configure:5939: result: objdump
configure:5971: checking how to recognize dependent libraries
configure:6173: result: pass_all
configure:6258: checking for dlltool
configure:6288: result: no
configure:6318: checking how to associate runtime and link libraries
configure:6345: result: printf %s\n
configure:6469: checking for archiver @FILE support
configure:6486: gcc -c -g -O2  conftest.c >&5
configure:6486: $? = 0
configure:6489: ar cru libconftest.a @conftest.lst >&5
ar: `u' modifier ignored since `D' is the default (see `U')
configure:6492: $? = 0
configure:6497: ar cru libconftest.a @conftest.lst >&5
ar: `u' modifier ignored since `D' is the default (see `U')
ar: conftest.o: No such file or directory
configure:6500: $? = 1
configure:6512: result: @
configure:6570: checking for strip
configure:6586: found /usr/bin/strip
configure:6597: result: strip
configure:6669: checking for ranlib
configure:6685: found /usr/bin/ranlib
configure:6696: result: ranlib
configure:6798: checking command to parse /usr/bin/nm -B output from gcc object
configure:6918: gcc -c -g -O2  conftest.c >&5
configure:6921: $? = 0
configure:6925: /usr/bin/nm -B conftest.o \| sed -n -e 's/^.*[ ]\([ABCDGIRSTW][ABCDGIRSTW]*\)[ ][ ]*\([_A-Za-z][_A-Za-z0-9]*\)$/\1 \2 \2/p' | sed '/ __gnu_lto/d' \> conftest.nm
configure:6928: $? = 0
configure:6994: gcc -o conftest -g -O2   conftest.c conftstm.o >&5
configure:6997: $? = 0
configure:7035: result: ok
configure:7072: checking for sysroot
configure:7102: result: no
configure:7179: gcc -c -g -O2  conftest.c >&5
configure:7182: $? = 0
configure:7364: checking for mt
configure:7380: found /bin/mt
configure:7391: result: mt
configure:7414: checking if mt is a manifest tool
configure:7420: mt '-?'
configure:7428: result: no
configure:8070: checking how to run the C preprocessor
configure:8101: gcc -E  conftest.c
configure:8101: $? = 0
configure:8115: gcc -E  conftest.c
conftest.c:27:28: fatal error: ac_nonexistent.h: No such file or directory
compilation terminated.
configure:8115: $? = 1
configure: failed program was:
| /* confdefs.h */
| #define PACKAGE_NAME "libupnp"
| #define PACKAGE_TARNAME "libupnp"
| #define PACKAGE_VERSION "1.6.22"
| #define PACKAGE_STRING "libupnp 1.6.22"
| #define PACKAGE_BUGREPORT "mroberto@users.sourceforge.net"
| #define PACKAGE_URL ""
| #define PACKAGE "libupnp"
| #define VERSION "1.6.22"
| #define UPNP_VERSION_STRING "1.6.22"
| #define UPNP_VERSION_MAJOR 1
| #define UPNP_VERSION_MINOR 6
| #define UPNP_VERSION_PATCH 22
| #define NDEBUG 1
| #define UPNP_HAVE_CLIENT 1
| #define UPNP_HAVE_DEVICE 1
| #define UPNP_HAVE_WEBSERVER 1
| #define UPNP_HAVE_SSDP 1
| #define UPNP_HAVE_OPTSSDP 1
| #define UPNP_HAVE_SOAP 1
| #define UPNP_HAVE_GENA 1
| #define UPNP_HAVE_TOOLS 1
| #define UPNP_ENABLE_NOTIFICATION_REORDERING 1
| #define UPNP_ENABLE_BLOCKING_TCP_CONNECTIONS 1
| #define IXML_HAVE_SCRIPTSUPPORT 1
| /* end confdefs.h.  */
| #include <ac_nonexistent.h>
configure:8140: result: gcc -E
configure:8160: gcc -E  conftest.c
configure:8160: $? = 0
configure:8174: gcc -E  conftest.c
conftest.c:27:28: fatal error: ac_nonexistent.h: No such file or directory
compilation terminated.
configure:8174: $? = 1
configure: failed program was:
| /* confdefs.h */
| #define PACKAGE_NAME "libupnp"
| #define PACKAGE_TARNAME "libupnp"
| #define PACKAGE_VERSION "1.6.22"
| #define PACKAGE_STRING "libupnp 1.6.22"
| #define PACKAGE_BUGREPORT "mroberto@users.sourceforge.net"
| #define PACKAGE_URL ""
| #define PACKAGE "libupnp"
| #define VERSION "1.6.22"
| #define UPNP_VERSION_STRING "1.6.22"
| #define UPNP_VERSION_MAJOR 1
| #define UPNP_VERSION_MINOR 6
| #define UPNP_VERSION_PATCH 22
| #define NDEBUG 1
| #define UPNP_HAVE_CLIENT 1
| #define UPNP_HAVE_DEVICE 1
| #define UPNP_HAVE_WEBSERVER 1
| #define UPNP_HAVE_SSDP 1
| #define UPNP_HAVE_OPTSSDP 1
| #define UPNP_HAVE_SOAP 1
| #define UPNP_HAVE_GENA 1
| #define UPNP_HAVE_TOOLS 1
| #define UPNP_ENABLE_NOTIFICATION_REORDERING 1
| #define UPNP_ENABLE_BLOCKING_TCP_CONNECTIONS 1
| #define IXML_HAVE_SCRIPTSUPPORT 1
| /* end confdefs.h.  */
| #include <ac_nonexistent.h>
configure:8203: checking for ANSI C header files
configure:8223: gcc -c -g -O2  conftest.c >&5
configure:8223: $? = 0
configure:8296: gcc -o conftest -g -O2   conftest.c  >&5
configure:8296: $? = 0
configure:8296: ./conftest
configure:8296: $? = 0
configure:8307: result: yes
configure:8320: checking for sys/types.h
configure:8320: gcc -c -g -O2  conftest.c >&5
configure:8320: $? = 0
configure:8320: result: yes
configure:8320: checking for sys/stat.h
configure:8320: gcc -c -g -O2  conftest.c >&5
configure:8320: $? = 0
configure:8320: result: yes
configure:8320: checking for stdlib.h
configure:8320: gcc -c -g -O2  conftest.c >&5
configure:8320: $? = 0
configure:8320: result: yes
configure:8320: checking for string.h
configure:8320: gcc -c -g -O2  conftest.c >&5
configure:8320: $? = 0
configure:8320: result: yes
configure:8320: checking for memory.h
configure:8320: gcc -c -g -O2  conftest.c >&5
configure:8320: $? = 0
configure:8320: result: yes
configure:8320: checking for strings.h
configure:8320: gcc -c -g -O2  conftest.c >&5
configure:8320: $? = 0
configure:8320: result: yes
configure:8320: checking for inttypes.h
configure:8320: gcc -c -g -O2  conftest.c >&5
configure:8320: $? = 0
configure:8320: result: yes
configure:8320: checking for stdint.h
configure:8320: gcc -c -g -O2  conftest.c >&5
configure:8320: $? = 0
configure:8320: result: yes
configure:8320: checking for unistd.h
configure:8320: gcc -c -g -O2  conftest.c >&5
configure:8320: $? = 0
configure:8320: result: yes
configure:8334: checking for dlfcn.h
configure:8334: gcc -c -g -O2  conftest.c >&5
configure:8334: $? = 0
configure:8334: result: yes
configure:8540: checking for objdir
configure:8555: result: .libs
configure:8826: checking if gcc supports -fno-rtti -fno-exceptions
configure:8844: gcc -c -g -O2  -fno-rtti -fno-exceptions conftest.c >&5
cc1: warning: command line option '-fno-rtti' is valid for C++/ObjC++ but not for C
configure:8848: $? = 0
configure:8861: result: no
configure:9188: checking for gcc option to produce PIC
configure:9195: result: -fPIC -DPIC
configure:9203: checking if gcc PIC flag -fPIC -DPIC works
configure:9221: gcc -c -g -O2  -fPIC -DPIC -DPIC conftest.c >&5
configure:9225: $? = 0
configure:9238: result: yes
configure:9267: checking if gcc static flag -static works
configure:9295: result: yes
configure:9310: checking if gcc supports -c -o file.o
configure:9331: gcc -c -g -O2  -o out/conftest2.o conftest.c >&5
configure:9335: $? = 0
configure:9357: result: yes
configure:9365: checking if gcc supports -c -o file.o
configure:9412: result: yes
configure:9445: checking whether the gcc linker (/usr/bin/ld -m elf_x86_64) supports shared libraries
configure:10598: result: yes
configure:10635: checking whether -lc should be explicitly linked in
configure:10643: gcc -c -g -O2  conftest.c >&5
configure:10646: $? = 0
configure:10661: gcc -shared  -fPIC -DPIC conftest.o  -v -Wl,-soname -Wl,conftest -o conftest 2\>\&1 \| /bin/grep  -lc  \>/dev/null 2\>\&1
configure:10664: $? = 0
configure:10678: result: no
configure:10838: checking dynamic linker characteristics
configure:11349: gcc -o conftest -g -O2   -Wl,-rpath -Wl,/foo conftest.c  >&5
configure:11349: $? = 0
configure:11571: result: GNU/Linux ld.so
configure:11678: checking how to hardcode library paths into programs
configure:11703: result: immediate
configure:12243: checking whether stripping libraries is possible
configure:12248: result: yes
configure:12283: checking if libtool supports shared libraries
configure:12285: result: yes
configure:12288: checking whether to build shared libraries
configure:12309: result: yes
configure:12312: checking whether to build static libraries
configure:12316: result: yes
configure:12354: checking whether make sets $(MAKE)
configure:12376: result: yes
configure:12385: checking for egrep
configure:12447: result: /bin/grep -E
configure:12536: checking CFLAGS for gcc -Os
configure:12563: gcc -c -g -O2 -pedantic -Werror  -Os  conftest.c >&5
configure:12563: $? = 0
configure:12577: result: -Os
configure:12589: : CFLAGS="$CFLAGS $ac_cv_cflags_gcc_option__Os"
configure:12592: $? = 0
configure:12603: checking CFLAGS for maximum warnings
configure:12630: gcc -c -g -O2 -Os -pedantic  -Wall  conftest.c >&5
configure:12630: $? = 0
configure:12644: result: -Wall
configure:12657: : CFLAGS="$CFLAGS $ac_cv_cflags_warn_all"
configure:12660: $? = 0
configure:12673: checking for size_t
configure:12673: gcc -c -g -O2 -Os -Wall  conftest.c >&5
configure:12673: $? = 0
configure:12673: gcc -c -g -O2 -Os -Wall  conftest.c >&5
conftest.c: In function 'main':
conftest.c:75:21: error: expected expression before ')' token
 if (sizeof ((size_t)))
                     ^
configure:12673: $? = 1
configure: failed program was:
| /* confdefs.h */
| #define PACKAGE_NAME "libupnp"
| #define PACKAGE_TARNAME "libupnp"
| #define PACKAGE_VERSION "1.6.22"
| #define PACKAGE_STRING "libupnp 1.6.22"
| #define PACKAGE_BUGREPORT "mroberto@users.sourceforge.net"
| #define PACKAGE_URL ""
| #define PACKAGE "libupnp"
| #define VERSION "1.6.22"
| #define UPNP_VERSION_STRING "1.6.22"
| #define UPNP_VERSION_MAJOR 1
| #define UPNP_VERSION_MINOR 6
| #define UPNP_VERSION_PATCH 22
| #define NDEBUG 1
| #define UPNP_HAVE_CLIENT 1
| #define UPNP_HAVE_DEVICE 1
| #define UPNP_HAVE_WEBSERVER 1
| #define UPNP_HAVE_SSDP 1
| #define UPNP_HAVE_OPTSSDP 1
| #define UPNP_HAVE_SOAP 1
| #define UPNP_HAVE_GENA 1
| #define UPNP_HAVE_TOOLS 1
| #define UPNP_ENABLE_NOTIFICATION_REORDERING 1
| #define UPNP_ENABLE_BLOCKING_TCP_CONNECTIONS 1
| #define IXML_HAVE_SCRIPTSUPPORT 1
| #define STDC_HEADERS 1
| #define HAVE_SYS_TYPES_H 1
| #define HAVE_SYS_STAT_H 1
| #define HAVE_STDLIB_H 1
| #define HAVE_STRING_H 1
| #define HAVE_MEMORY_H 1
| #define HAVE_STRINGS_H 1
| #define HAVE_INTTYPES_H 1
| #define HAVE_STDINT_H 1
| #define HAVE_UNISTD_H 1
| #define HAVE_DLFCN_H 1
| #define LT_OBJDIR ".libs/"
| /* end confdefs.h.  */
| #include <stdio.h>
| #ifdef HAVE_SYS_TYPES_H
| # include <sys/types.h>
| #endif
| #ifdef HAVE_SYS_STAT_H
| # include <sys/stat.h>
| #endif
| #ifdef STDC_HEADERS
| # include <stdlib.h>
| # include <stddef.h>
| #else
| # ifdef HAVE_STDLIB_H
| #  include <stdlib.h>
| # endif
| #endif
| #ifdef HAVE_STRING_H
| # if !defined STDC_HEADERS && defined HAVE_MEMORY_H
| #  include <memory.h>
| # endif
| # include <string.h>
| #endif
| #ifdef HAVE_STRINGS_H
| # include <strings.h>
| #endif
| #ifdef HAVE_INTTYPES_H
| # include <inttypes.h>
| #endif
| #ifdef HAVE_STDINT_H
| # include <stdint.h>
| #endif
| #ifdef HAVE_UNISTD_H
| # include <unistd.h>
| #endif
| int
| main ()
| {
| if (sizeof ((size_t)))
| 	    return 0;
|   ;
|   return 0;
| }
configure:12673: result: yes
configure:12684: checking for off_t
configure:12684: gcc -c -g -O2 -Os -Wall  conftest.c >&5
configure:12684: $? = 0
configure:12684: gcc -c -g -O2 -Os -Wall  conftest.c >&5
conftest.c: In function 'main':
conftest.c:75:20: error: expected expression before ')' token
 if (sizeof ((off_t)))
                    ^
configure:12684: $? = 1
configure: failed program was:
| /* confdefs.h */
| #define PACKAGE_NAME "libupnp"
| #define PACKAGE_TARNAME "libupnp"
| #define PACKAGE_VERSION "1.6.22"
| #define PACKAGE_STRING "libupnp 1.6.22"
| #define PACKAGE_BUGREPORT "mroberto@users.sourceforge.net"
| #define PACKAGE_URL ""
| #define PACKAGE "libupnp"
| #define VERSION "1.6.22"
| #define UPNP_VERSION_STRING "1.6.22"
| #define UPNP_VERSION_MAJOR 1
| #define UPNP_VERSION_MINOR 6
| #define UPNP_VERSION_PATCH 22
| #define NDEBUG 1
| #define UPNP_HAVE_CLIENT 1
| #define UPNP_HAVE_DEVICE 1
| #define UPNP_HAVE_WEBSERVER 1
| #define UPNP_HAVE_SSDP 1
| #define UPNP_HAVE_OPTSSDP 1
| #define UPNP_HAVE_SOAP 1
| #define UPNP_HAVE_GENA 1
| #define UPNP_HAVE_TOOLS 1
| #define UPNP_ENABLE_NOTIFICATION_REORDERING 1
| #define UPNP_ENABLE_BLOCKING_TCP_CONNECTIONS 1
| #define IXML_HAVE_SCRIPTSUPPORT 1
| #define STDC_HEADERS 1
| #define HAVE_SYS_TYPES_H 1
| #define HAVE_SYS_STAT_H 1
| #define HAVE_STDLIB_H 1
| #define HAVE_STRING_H 1
| #define HAVE_MEMORY_H 1
| #define HAVE_STRINGS_H 1
| #define HAVE_INTTYPES_H 1
| #define HAVE_STDINT_H 1
| #define HAVE_UNISTD_H 1
| #define HAVE_DLFCN_H 1
| #define LT_OBJDIR ".libs/"
| /* end confdefs.h.  */
| #include <stdio.h>
| #ifdef HAVE_SYS_TYPES_H
| # include <sys/types.h>
| #endif
| #ifdef HAVE_SYS_STAT_H
| # include <sys/stat.h>
| #endif
| #ifdef STDC_HEADERS
| # include <stdlib.h>
| # include <stddef.h>
| #else
| # ifdef HAVE_STDLIB_H
| #  include <stdlib.h>
| # endif
| #endif
| #ifdef HAVE_STRING_H
| # if !defined STDC_HEADERS && defined HAVE_MEMORY_H
| #  include <memory.h>
| # endif
| # include <string.h>
| #endif
| #ifdef HAVE_STRINGS_H
| # include <strings.h>
| #endif
| #ifdef HAVE_INTTYPES_H
| # include <inttypes.h>
| #endif
| #ifdef HAVE_STDINT_H
| # include <stdint.h>
| #endif
| #ifdef HAVE_UNISTD_H
| # include <unistd.h>
| #endif
| int
| main ()
| {
| if (sizeof ((off_t)))
| 	    return 0;
|   ;
|   return 0;
| }
configure:12684: result: yes
configure:12706: checking for Win32
configure:12723: gcc -c -g -O2 -Os -Wall  conftest.c >&5
configure:12723: $? = 0
configure:12733: result: no
configure:12741: checking for ANSI C header files
configure:12845: result: yes
configure:12873: checking arpa/inet.h usability
configure:12873: gcc -c -g -O2 -Os -Wall  conftest.c >&5
configure:12873: $? = 0
configure:12873: result: yes
configure:12873: checking arpa/inet.h presence
configure:12873: gcc -E  conftest.c
configure:12873: $? = 0
configure:12873: result: yes
configure:12873: checking for arpa/inet.h
configure:12873: result: yes
configure:12873: checking fcntl.h usability
configure:12873: gcc -c -g -O2 -Os -Wall  conftest.c >&5
configure:12873: $? = 0
configure:12873: result: yes
configure:12873: checking fcntl.h presence
configure:12873: gcc -E  conftest.c
configure:12873: $? = 0
configure:12873: result: yes
configure:12873: checking for fcntl.h
configure:12873: result: yes
configure:12873: checking for inttypes.h
configure:12873: result: yes
configure:12873: checking limits.h usability
configure:12873: gcc -c -g -O2 -Os -Wall  conftest.c >&5
configure:12873: $? = 0
configure:12873: result: yes
configure:12873: checking limits.h presence
configure:12873: gcc -E  conftest.c
configure:12873: $? = 0
configure:12873: result: yes
configure:12873: checking for limits.h
configure:12873: result: yes
configure:12873: checking netdb.h usability
configure:12873: gcc -c -g -O2 -Os -Wall  conftest.c >&5
configure:12873: $? = 0
configure:12873: result: yes
configure:12873: checking netdb.h presence
configure:12873: gcc -E  conftest.c
configure:12873: $? = 0
configure:12873: result: yes
configure:12873: checking for netdb.h
configure:12873: result: yes
configure:12873: checking netinet/in.h usability
configure:12873: gcc -c -g -O2 -Os -Wall  conftest.c >&5
configure:12873: $? = 0
configure:12873: result: yes
configure:12873: checking netinet/in.h presence
configure:12873: gcc -E  conftest.c
configure:12873: $? = 0
configure:12873: result: yes
configure:12873: checking for netinet/in.h
configure:12873: result: yes
configure:12873: checking for stdlib.h
configure:12873: result: yes
configure:12873: checking for string.h
configure:12873: result: yes
configure:12873: checking sys/ioctl.h usability
configure:12873: gcc -c -g -O2 -Os -Wall  conftest.c >&5
configure:12873: $? = 0
configure:12873: result: yes
configure:12873: checking sys/ioctl.h presence
configure:12873: gcc -E  conftest.c
configure:12873: $? = 0
configure:12873: result: yes
configure:12873: checking for sys/ioctl.h
configure:12873: result: yes
configure:12873: checking sys/socket.h usability
configure:12873: gcc -c -g -O2 -Os -Wall  conftest.c >&5
configure:12873: $? = 0
configure:12873: result: yes
configure:12873: checking sys/socket.h presence
configure:12873: gcc -E  conftest.c
configure:12873: $? = 0
configure:12873: result: yes
configure:12873: checking for sys/socket.h
configure:12873: result: yes
configure:12873: checking sys/time.h usability
configure:12873: gcc -c -g -O2 -Os -Wall  conftest.c >&5
configure:12873: $? = 0
configure:12873: result: yes
configure:12873: checking sys/time.h presence
configure:12873: gcc -E  conftest.c
configure:12873: $? = 0
configure:12873: result: yes
configure:12873: checking for sys/time.h
configure:12873: result: yes
configure:12873: checking syslog.h usability
configure:12873: gcc -c -g -O2 -Os -Wall  conftest.c >&5
configure:12873: $? = 0
configure:12873: result: yes
configure:12873: checking syslog.h presence
configure:12873: gcc -E  conftest.c
configure:12873: $? = 0
configure:12873: result: yes
configure:12873: checking for syslog.h
configure:12873: result: yes
configure:12873: checking for unistd.h
configure:12873: result: yes
configure:12891: checking for an ANSI C-conforming const
configure:12957: gcc -c -g -O2 -Os -Wall  conftest.c >&5
configure:12957: $? = 0
configure:12964: result: yes
configure:12972: checking whether byte ordering is bigendian
configure:12987: gcc -c -g -O2 -Os -Wall  conftest.c >&5
conftest.c:56:9: error: unknown type name 'not'
         not a universal capable compiler
         ^
conftest.c:56:15: error: expected '=', ',', ';', 'asm' or '__attribute__' before 'universal'
         not a universal capable compiler
               ^
conftest.c:56:15: error: unknown type name 'universal'
configure:12987: $? = 1
configure: failed program was:
| /* confdefs.h */
| #define PACKAGE_NAME "libupnp"
| #define PACKAGE_TARNAME "libupnp"
| #define PACKAGE_VERSION "1.6.22"
| #define PACKAGE_STRING "libupnp 1.6.22"
| #define PACKAGE_BUGREPORT "mroberto@users.sourceforge.net"
| #define PACKAGE_URL ""
| #define PACKAGE "libupnp"
| #define VERSION "1.6.22"
| #define UPNP_VERSION_STRING "1.6.22"
| #define UPNP_VERSION_MAJOR 1
| #define UPNP_VERSION_MINOR 6
| #define UPNP_VERSION_PATCH 22
| #define NDEBUG 1
| #define UPNP_HAVE_CLIENT 1
| #define UPNP_HAVE_DEVICE 1
| #define UPNP_HAVE_WEBSERVER 1
| #define UPNP_HAVE_SSDP 1
| #define UPNP_HAVE_OPTSSDP 1
| #define UPNP_HAVE_SOAP 1
| #define UPNP_HAVE_GENA 1
| #define UPNP_HAVE_TOOLS 1
| #define UPNP_ENABLE_NOTIFICATION_REORDERING 1
| #define UPNP_ENABLE_BLOCKING_TCP_CONNECTIONS 1
| #define IXML_HAVE_SCRIPTSUPPORT 1
| #define STDC_HEADERS 1
| #define HAVE_SYS_TYPES_H 1
| #define HAVE_SYS_STAT_H 1
| #define HAVE_STDLIB_H 1
| #define HAVE_STRING_H 1
| #define HAVE_MEMORY_H 1
| #define HAVE_STRINGS_H 1
| #define HAVE_INTTYPES_H 1
| #define HAVE_STDINT_H 1
| #define HAVE_UNISTD_H 1
| #define HAVE_DLFCN_H 1
| #define LT_OBJDIR ".libs/"
| #define _LARGE_FILE_SOURCE /**/
| #define _FILE_OFFSET_BITS 64
| #define STDC_HEADERS 1
| #define HAVE_ARPA_INET_H 1
| #define HAVE_FCNTL_H 1
| #define HAVE_INTTYPES_H 1
| #define HAVE_LIMITS_H 1
| #define HAVE_NETDB_H 1
| #define HAVE_NETINET_IN_H 1
| #define HAVE_STDLIB_H 1
| #define HAVE_STRING_H 1
| #define HAVE_SYS_IOCTL_H 1
| #define HAVE_SYS_SOCKET_H 1
| #define HAVE_SYS_TIME_H 1
| #define HAVE_SYSLOG_H 1
| #define HAVE_UNISTD_H 1
| /* end confdefs.h.  */
| #ifndef __APPLE_CC__
| 	       not a universal capable compiler
| 	     #endif
| 	     typedef int dummy;
| 
configure:13032: gcc -c -g -O2 -Os -Wall  conftest.c >&5
configure:13032: $? = 0
configure:13050: gcc -c -g -O2 -Os -Wall  conftest.c >&5
conftest.c: In function 'main':
conftest.c:62:4: error: unknown type name 'not'
    not big endian
    ^
conftest.c:62:12: error: expected '=', ',', ';', 'asm' or '__attribute__' before 'endian'
    not big endian
            ^
configure:13050: $? = 1
configure: failed program was:
| /* confdefs.h */
| #define PACKAGE_NAME "libupnp"
| #define PACKAGE_TARNAME "libupnp"
| #define PACKAGE_VERSION "1.6.22"
| #define PACKAGE_STRING "libupnp 1.6.22"
| #define PACKAGE_BUGREPORT "mroberto@users.sourceforge.net"
| #define PACKAGE_URL ""
| #define PACKAGE "libupnp"
| #define VERSION "1.6.22"
| #define UPNP_VERSION_STRING "1.6.22"
| #define UPNP_VERSION_MAJOR 1
| #define UPNP_VERSION_MINOR 6
| #define UPNP_VERSION_PATCH 22
| #define NDEBUG 1
| #define UPNP_HAVE_CLIENT 1
| #define UPNP_HAVE_DEVICE 1
| #define UPNP_HAVE_WEBSERVER 1
| #define UPNP_HAVE_SSDP 1
| #define UPNP_HAVE_OPTSSDP 1
| #define UPNP_HAVE_SOAP 1
| #define UPNP_HAVE_GENA 1
| #define UPNP_HAVE_TOOLS 1
| #define UPNP_ENABLE_NOTIFICATION_REORDERING 1
| #define UPNP_ENABLE_BLOCKING_TCP_CONNECTIONS 1
| #define IXML_HAVE_SCRIPTSUPPORT 1
| #define STDC_HEADERS 1
| #define HAVE_SYS_TYPES_H 1
| #define HAVE_SYS_STAT_H 1
| #define HAVE_STDLIB_H 1
| #define HAVE_STRING_H 1
| #define HAVE_MEMORY_H 1
| #define HAVE_STRINGS_H 1
| #define HAVE_INTTYPES_H 1
| #define HAVE_STDINT_H 1
| #define HAVE_UNISTD_H 1
| #define HAVE_DLFCN_H 1
| #define LT_OBJDIR ".libs/"
| #define _LARGE_FILE_SOURCE /**/
| #define _FILE_OFFSET_BITS 64
| #define STDC_HEADERS 1
| #define HAVE_ARPA_INET_H 1
| #define HAVE_FCNTL_H 1
| #define HAVE_INTTYPES_H 1
| #define HAVE_LIMITS_H 1
| #define HAVE_NETDB_H 1
| #define HAVE_NETINET_IN_H 1
| #define HAVE_STDLIB_H 1
| #define HAVE_STRING_H 1
| #define HAVE_SYS_IOCTL_H 1
| #define HAVE_SYS_SOCKET_H 1
| #define HAVE_SYS_TIME_H 1
| #define HAVE_SYSLOG_H 1
| #define HAVE_UNISTD_H 1
| /* end confdefs.h.  */
| #include <sys/types.h>
| 		#include <sys/param.h>
| 
| int
| main ()
| {
| #if BYTE_ORDER != BIG_ENDIAN
| 		 not big endian
| 		#endif
| 
|   ;
|   return 0;
| }
configure:13178: result: no
configure:13204: checking for sys/types.h
configure:13204: result: yes
configure:13204: checking for sys/socket.h
configure:13204: result: yes
configure:13204: checking ws2tcpip.h usability
configure:13204: gcc -c -g -O2 -Os -Wall  conftest.c >&5
conftest.c:90:22: fatal error: ws2tcpip.h: No such file or directory
compilation terminated.
configure:13204: $? = 1
configure: failed program was:
| /* confdefs.h */
| #define PACKAGE_NAME "libupnp"
| #define PACKAGE_TARNAME "libupnp"
| #define PACKAGE_VERSION "1.6.22"
| #define PACKAGE_STRING "libupnp 1.6.22"
| #define PACKAGE_BUGREPORT "mroberto@users.sourceforge.net"
| #define PACKAGE_URL ""
| #define PACKAGE "libupnp"
| #define VERSION "1.6.22"
| #define UPNP_VERSION_STRING "1.6.22"
| #define UPNP_VERSION_MAJOR 1
| #define UPNP_VERSION_MINOR 6
| #define UPNP_VERSION_PATCH 22
| #define NDEBUG 1
| #define UPNP_HAVE_CLIENT 1
| #define UPNP_HAVE_DEVICE 1
| #define UPNP_HAVE_WEBSERVER 1
| #define UPNP_HAVE_SSDP 1
| #define UPNP_HAVE_OPTSSDP 1
| #define UPNP_HAVE_SOAP 1
| #define UPNP_HAVE_GENA 1
| #define UPNP_HAVE_TOOLS 1
| #define UPNP_ENABLE_NOTIFICATION_REORDERING 1
| #define UPNP_ENABLE_BLOCKING_TCP_CONNECTIONS 1
| #define IXML_HAVE_SCRIPTSUPPORT 1
| #define STDC_HEADERS 1
| #define HAVE_SYS_TYPES_H 1
| #define HAVE_SYS_STAT_H 1
| #define HAVE_STDLIB_H 1
| #define HAVE_STRING_H 1
| #define HAVE_MEMORY_H 1
| #define HAVE_STRINGS_H 1
| #define HAVE_INTTYPES_H 1
| #define HAVE_STDINT_H 1
| #define HAVE_UNISTD_H 1
| #define HAVE_DLFCN_H 1
| #define LT_OBJDIR ".libs/"
| #define _LARGE_FILE_SOURCE /**/
| #define _FILE_OFFSET_BITS 64
| #define STDC_HEADERS 1
| #define HAVE_ARPA_INET_H 1
| #define HAVE_FCNTL_H 1
| #define HAVE_INTTYPES_H 1
| #define HAVE_LIMITS_H 1
| #define HAVE_NETDB_H 1
| #define HAVE_NETINET_IN_H 1
| #define HAVE_STDLIB_H 1
| #define HAVE_STRING_H 1
| #define HAVE_SYS_IOCTL_H 1
| #define HAVE_SYS_SOCKET_H 1
| #define HAVE_SYS_TIME_H 1
| #define HAVE_SYSLOG_H 1
| #define HAVE_UNISTD_H 1
| #define HAVE_SYS_TYPES_H 1
| #define HAVE_SYS_SOCKET_H 1
| /* end confdefs.h.  */
| #include <stdio.h>
| #ifdef HAVE_SYS_TYPES_H
| # include <sys/types.h>
| #endif
| #ifdef HAVE_SYS_STAT_H
| # include <sys/stat.h>
| #endif
| #ifdef STDC_HEADERS
| # include <stdlib.h>
| # include <stddef.h>
| #else
| # ifdef HAVE_STDLIB_H
| #  include <stdlib.h>
| # endif
| #endif
| #ifdef HAVE_STRING_H
| # if !defined STDC_HEADERS && defined HAVE_MEMORY_H
| #  include <memory.h>
| # endif
| # include <string.h>
| #endif
| #ifdef HAVE_STRINGS_H
| # include <strings.h>
| #endif
| #ifdef HAVE_INTTYPES_H
| # include <inttypes.h>
| #endif
| #ifdef HAVE_STDINT_H
| # include <stdint.h>
| #endif
| #ifdef HAVE_UNISTD_H
| # include <unistd.h>
| #endif
| #include <ws2tcpip.h>
configure:13204: result: no
configure:13204: checking ws2tcpip.h presence
configure:13204: gcc -E  conftest.c
conftest.c:57:22: fatal error: ws2tcpip.h: No such file or directory
compilation terminated.
configure:13204: $? = 1
configure: failed program was:
| /* confdefs.h */
| #define PACKAGE_NAME "libupnp"
| #define PACKAGE_TARNAME "libupnp"
| #define PACKAGE_VERSION "1.6.22"
| #define PACKAGE_STRING "libupnp 1.6.22"
| #define PACKAGE_BUGREPORT "mroberto@users.sourceforge.net"
| #define PACKAGE_URL ""
| #define PACKAGE "libupnp"
| #define VERSION "1.6.22"
| #define UPNP_VERSION_STRING "1.6.22"
| #define UPNP_VERSION_MAJOR 1
| #define UPNP_VERSION_MINOR 6
| #define UPNP_VERSION_PATCH 22
| #define NDEBUG 1
| #define UPNP_HAVE_CLIENT 1
| #define UPNP_HAVE_DEVICE 1
| #define UPNP_HAVE_WEBSERVER 1
| #define UPNP_HAVE_SSDP 1
| #define UPNP_HAVE_OPTSSDP 1
| #define UPNP_HAVE_SOAP 1
| #define UPNP_HAVE_GENA 1
| #define UPNP_HAVE_TOOLS 1
| #define UPNP_ENABLE_NOTIFICATION_REORDERING 1
| #define UPNP_ENABLE_BLOCKING_TCP_CONNECTIONS 1
| #define IXML_HAVE_SCRIPTSUPPORT 1
| #define STDC_HEADERS 1
| #define HAVE_SYS_TYPES_H 1
| #define HAVE_SYS_STAT_H 1
| #define HAVE_STDLIB_H 1
| #define HAVE_STRING_H 1
| #define HAVE_MEMORY_H 1
| #define HAVE_STRINGS_H 1
| #define HAVE_INTTYPES_H 1
| #define HAVE_STDINT_H 1
| #define HAVE_UNISTD_H 1
| #define HAVE_DLFCN_H 1
| #define LT_OBJDIR ".libs/"
| #define _LARGE_FILE_SOURCE /**/
| #define _FILE_OFFSET_BITS 64
| #define STDC_HEADERS 1
| #define HAVE_ARPA_INET_H 1
| #define HAVE_FCNTL_H 1
| #define HAVE_INTTYPES_H 1
| #define HAVE_LIMITS_H 1
| #define HAVE_NETDB_H 1
| #define HAVE_NETINET_IN_H 1
| #define HAVE_STDLIB_H 1
| #define HAVE_STRING_H 1
| #define HAVE_SYS_IOCTL_H 1
| #define HAVE_SYS_SOCKET_H 1
| #define HAVE_SYS_TIME_H 1
| #define HAVE_SYSLOG_H 1
| #define HAVE_UNISTD_H 1
| #define HAVE_SYS_TYPES_H 1
| #define HAVE_SYS_SOCKET_H 1
| /* end confdefs.h.  */
| #include <ws2tcpip.h>
configure:13204: result: no
configure:13204: checking for ws2tcpip.h
configure:13204: result: no
configure:13214: checking for socklen_t
configure:13238: gcc -c -g -O2 -Os -Wall  conftest.c >&5
configure:13238: $? = 0
configure:13245: result: yes
configure:13261: checking for vprintf
configure:13261: gcc -o conftest -g -O2 -Os -Wall   conftest.c  >&5
conftest.c:80:6: warning: conflicting types for built-in function 'vprintf'
 char vprintf ();
      ^
configure:13261: $? = 0
configure:13261: result: yes
configure:13267: checking for _doprnt
configure:13267: gcc -o conftest -g -O2 -Os -Wall   conftest.c  >&5
/tmp/cc1bWcTd.o: In function `main':
/home/gabriele/Documenti/Workspace/C/libupnp-1.6.22/conftest.c:92: undefined reference to `_doprnt'
collect2: error: ld returned 1 exit status
configure:13267: $? = 1
configure: failed program was:
| /* confdefs.h */
| #define PACKAGE_NAME "libupnp"
| #define PACKAGE_TARNAME "libupnp"
| #define PACKAGE_VERSION "1.6.22"
| #define PACKAGE_STRING "libupnp 1.6.22"
| #define PACKAGE_BUGREPORT "mroberto@users.sourceforge.net"
| #define PACKAGE_URL ""
| #define PACKAGE "libupnp"
| #define VERSION "1.6.22"
| #define UPNP_VERSION_STRING "1.6.22"
| #define UPNP_VERSION_MAJOR 1
| #define UPNP_VERSION_MINOR 6
| #define UPNP_VERSION_PATCH 22
| #define NDEBUG 1
| #define UPNP_HAVE_CLIENT 1
| #define UPNP_HAVE_DEVICE 1
| #define UPNP_HAVE_WEBSERVER 1
| #define UPNP_HAVE_SSDP 1
| #define UPNP_HAVE_OPTSSDP 1
| #define UPNP_HAVE_SOAP 1
| #define UPNP_HAVE_GENA 1
| #define UPNP_HAVE_TOOLS 1
| #define UPNP_ENABLE_NOTIFICATION_REORDERING 1
| #define UPNP_ENABLE_BLOCKING_TCP_CONNECTIONS 1
| #define IXML_HAVE_SCRIPTSUPPORT 1
| #define STDC_HEADERS 1
| #define HAVE_SYS_TYPES_H 1
| #define HAVE_SYS_STAT_H 1
| #define HAVE_STDLIB_H 1
| #define HAVE_STRING_H 1
| #define HAVE_MEMORY_H 1
| #define HAVE_STRINGS_H 1
| #define HAVE_INTTYPES_H 1
| #define HAVE_STDINT_H 1
| #define HAVE_UNISTD_H 1
| #define HAVE_DLFCN_H 1
| #define LT_OBJDIR ".libs/"
| #define _LARGE_FILE_SOURCE /**/
| #define _FILE_OFFSET_BITS 64
| #define STDC_HEADERS 1
| #define HAVE_ARPA_INET_H 1
| #define HAVE_FCNTL_H 1
| #define HAVE_INTTYPES_H 1
| #define HAVE_LIMITS_H 1
| #define HAVE_NETDB_H 1
| #define HAVE_NETINET_IN_H 1
| #define HAVE_STDLIB_H 1
| #define HAVE_STRING_H 1
| #define HAVE_SYS_IOCTL_H 1
| #define HAVE_SYS_SOCKET_H 1
| #define HAVE_SYS_TIME_H 1
| #define HAVE_SYSLOG_H 1
| #define HAVE_UNISTD_H 1
| #define HAVE_SYS_TYPES_H 1
| #define HAVE_SYS_SOCKET_H 1
| #define HAVE_VPRINTF 1
| /* end confdefs.h.  */
| /* Define _doprnt to an innocuous variant, in case <limits.h> declares _doprnt.
|    For example, HP-UX 11i <limits.h> declares gettimeofday.  */
| #define _doprnt innocuous__doprnt
| 
| /* System header to define __stub macros and hopefully few prototypes,
|     which can conflict with char _doprnt (); below.
|     Prefer <limits.h> to <assert.h> if __STDC__ is defined, since
|     <limits.h> exists even on freestanding compilers.  */
| 
| #ifdef __STDC__
| # include <limits.h>
| #else
| # include <assert.h>
| #endif
| 
| #undef _doprnt
| 
| /* Override any GCC internal prototype to avoid an error.
|    Use char because int might match the return type of a GCC
|    builtin and then its argument prototype would still apply.  */
| #ifdef __cplusplus
| extern "C"
| #endif
| char _doprnt ();
| /* The GNU C library defines this for functions which it implements
|     to always fail with ENOSYS.  Some functions are actually named
|     something starting with __ and the normal name is an alias.  */
| #if defined __stub__doprnt || defined __stub____doprnt
| choke me
| #endif
| 
| int
| main ()
| {
| return _doprnt ();
|   ;
|   return 0;
| }
configure:13267: result: no
configure:13278: checking for _LARGEFILE_SOURCE value needed for large files
configure:13297: gcc -o conftest -g -O2 -Os -Wall   conftest.c  >&5
configure:13297: $? = 0
configure:13325: result: no
configure:13346: checking for strnlen
configure:13346: gcc -o conftest -g -O2 -Os -Wall   conftest.c  >&5
configure:13346: $? = 0
configure:13346: result: yes
configure:13353: checking for strndup
configure:13353: gcc -o conftest -g -O2 -Os -Wall   conftest.c  >&5
conftest.c:83:6: warning: conflicting types for built-in function 'strndup'
 char strndup ();
      ^
configure:13353: $? = 0
configure:13353: result: yes
configure:13362: checking for library containing bind
configure:13393: gcc -o conftest -g -O2 -Os -Wall   conftest.c  >&5
configure:13393: $? = 0
configure:13410: result: none required
configure:13418: checking for library containing gethostbyname
configure:13449: gcc -o conftest -g -O2 -Os -Wall   conftest.c  >&5
configure:13449: $? = 0
configure:13466: result: none required
configure:13474: checking for library containing sched_getparam
configure:13505: gcc -o conftest -g -O2 -Os -Wall   conftest.c  >&5
configure:13505: $? = 0
configure:13522: result: none required
configure:13701: checking for the pthreads library -lpthreads
configure:13734: gcc -o conftest -g -O2 -Os -Wall    conftest.c -lpthreads  >&5
conftest.c: In function 'main':
conftest.c:66:22: warning: null argument where non-null required (argument 1) [-Wnonnull]
                      pthread_attr_init(0); pthread_cleanup_push(0, 0);
                      ^
conftest.c:67:22: warning: null argument where non-null required (argument 1) [-Wnonnull]
                      pthread_create(0,0,0,0); pthread_cleanup_pop(0);
                      ^
conftest.c:67:22: warning: null argument where non-null required (argument 3) [-Wnonnull]
conftest.c:65:15: warning: 'th' is used uninitialized in this function [-Wuninitialized]
 pthread_t th; pthread_join(th, 0);
               ^
/usr/bin/ld: cannot find -lpthreads
collect2: error: ld returned 1 exit status
configure:13734: $? = 1
configure: failed program was:
| /* confdefs.h */
| #define PACKAGE_NAME "libupnp"
| #define PACKAGE_TARNAME "libupnp"
| #define PACKAGE_VERSION "1.6.22"
| #define PACKAGE_STRING "libupnp 1.6.22"
| #define PACKAGE_BUGREPORT "mroberto@users.sourceforge.net"
| #define PACKAGE_URL ""
| #define PACKAGE "libupnp"
| #define VERSION "1.6.22"
| #define UPNP_VERSION_STRING "1.6.22"
| #define UPNP_VERSION_MAJOR 1
| #define UPNP_VERSION_MINOR 6
| #define UPNP_VERSION_PATCH 22
| #define NDEBUG 1
| #define UPNP_HAVE_CLIENT 1
| #define UPNP_HAVE_DEVICE 1
| #define UPNP_HAVE_WEBSERVER 1
| #define UPNP_HAVE_SSDP 1
| #define UPNP_HAVE_OPTSSDP 1
| #define UPNP_HAVE_SOAP 1
| #define UPNP_HAVE_GENA 1
| #define UPNP_HAVE_TOOLS 1
| #define UPNP_ENABLE_NOTIFICATION_REORDERING 1
| #define UPNP_ENABLE_BLOCKING_TCP_CONNECTIONS 1
| #define IXML_HAVE_SCRIPTSUPPORT 1
| #define STDC_HEADERS 1
| #define HAVE_SYS_TYPES_H 1
| #define HAVE_SYS_STAT_H 1
| #define HAVE_STDLIB_H 1
| #define HAVE_STRING_H 1
| #define HAVE_MEMORY_H 1
| #define HAVE_STRINGS_H 1
| #define HAVE_INTTYPES_H 1
| #define HAVE_STDINT_H 1
| #define HAVE_UNISTD_H 1
| #define HAVE_DLFCN_H 1
| #define LT_OBJDIR ".libs/"
| #define _LARGE_FILE_SOURCE /**/
| #define _FILE_OFFSET_BITS 64
| #define STDC_HEADERS 1
| #define HAVE_ARPA_INET_H 1
| #define HAVE_FCNTL_H 1
| #define HAVE_INTTYPES_H 1
| #define HAVE_LIMITS_H 1
| #define HAVE_NETDB_H 1
| #define HAVE_NETINET_IN_H 1
| #define HAVE_STDLIB_H 1
| #define HAVE_STRING_H 1
| #define HAVE_SYS_IOCTL_H 1
| #define HAVE_SYS_SOCKET_H 1
| #define HAVE_SYS_TIME_H 1
| #define HAVE_SYSLOG_H 1
| #define HAVE_UNISTD_H 1
| #define HAVE_SYS_TYPES_H 1
| #define HAVE_SYS_SOCKET_H 1
| #define HAVE_VPRINTF 1
| #define HAVE_FSEEKO 1
| #define HAVE_STRNLEN 1
| #define HAVE_STRNDUP 1
| /* end confdefs.h.  */
| #include <pthread.h>
| int
| main ()
| {
| pthread_t th; pthread_join(th, 0);
|                      pthread_attr_init(0); pthread_cleanup_push(0, 0);
|                      pthread_create(0,0,0,0); pthread_cleanup_pop(0);
|   ;
|   return 0;
| }
configure:13743: result: no
configure:13646: checking whether pthreads work without any flags
configure:13734: gcc -o conftest -g -O2 -Os -Wall    conftest.c   >&5
conftest.c: In function 'main':
conftest.c:66:22: warning: null argument where non-null required (argument 1) [-Wnonnull]
                      pthread_attr_init(0); pthread_cleanup_push(0, 0);
                      ^
conftest.c:67:22: warning: null argument where non-null required (argument 1) [-Wnonnull]
                      pthread_create(0,0,0,0); pthread_cleanup_pop(0);
                      ^
conftest.c:67:22: warning: null argument where non-null required (argument 3) [-Wnonnull]
conftest.c:65:15: warning: 'th' is used uninitialized in this function [-Wuninitialized]
 pthread_t th; pthread_join(th, 0);
               ^
/tmp/ccD57EAD.o: In function `main':
/home/gabriele/Documenti/Workspace/C/libupnp-1.6.22/conftest.c:65: undefined reference to `pthread_join'
/home/gabriele/Documenti/Workspace/C/libupnp-1.6.22/conftest.c:66: undefined reference to `__pthread_register_cancel'
/home/gabriele/Documenti/Workspace/C/libupnp-1.6.22/conftest.c:67: undefined reference to `pthread_create'
/home/gabriele/Documenti/Workspace/C/libupnp-1.6.22/conftest.c:67: undefined reference to `__pthread_unregister_cancel'
collect2: error: ld returned 1 exit status
configure:13734: $? = 1
configure: failed program was:
| /* confdefs.h */
| #define PACKAGE_NAME "libupnp"
| #define PACKAGE_TARNAME "libupnp"
| #define PACKAGE_VERSION "1.6.22"
| #define PACKAGE_STRING "libupnp 1.6.22"
| #define PACKAGE_BUGREPORT "mroberto@users.sourceforge.net"
| #define PACKAGE_URL ""
| #define PACKAGE "libupnp"
| #define VERSION "1.6.22"
| #define UPNP_VERSION_STRING "1.6.22"
| #define UPNP_VERSION_MAJOR 1
| #define UPNP_VERSION_MINOR 6
| #define UPNP_VERSION_PATCH 22
| #define NDEBUG 1
| #define UPNP_HAVE_CLIENT 1
| #define UPNP_HAVE_DEVICE 1
| #define UPNP_HAVE_WEBSERVER 1
| #define UPNP_HAVE_SSDP 1
| #define UPNP_HAVE_OPTSSDP 1
| #define UPNP_HAVE_SOAP 1
| #define UPNP_HAVE_GENA 1
| #define UPNP_HAVE_TOOLS 1
| #define UPNP_ENABLE_NOTIFICATION_REORDERING 1
| #define UPNP_ENABLE_BLOCKING_TCP_CONNECTIONS 1
| #define IXML_HAVE_SCRIPTSUPPORT 1
| #define STDC_HEADERS 1
| #define HAVE_SYS_TYPES_H 1
| #define HAVE_SYS_STAT_H 1
| #define HAVE_STDLIB_H 1
| #define HAVE_STRING_H 1
| #define HAVE_MEMORY_H 1
| #define HAVE_STRINGS_H 1
| #define HAVE_INTTYPES_H 1
| #define HAVE_STDINT_H 1
| #define HAVE_UNISTD_H 1
| #define HAVE_DLFCN_H 1
| #define LT_OBJDIR ".libs/"
| #define _LARGE_FILE_SOURCE /**/
| #define _FILE_OFFSET_BITS 64
| #define STDC_HEADERS 1
| #define HAVE_ARPA_INET_H 1
| #define HAVE_FCNTL_H 1
| #define HAVE_INTTYPES_H 1
| #define HAVE_LIMITS_H 1
| #define HAVE_NETDB_H 1
| #define HAVE_NETINET_IN_H 1
| #define HAVE_STDLIB_H 1
| #define HAVE_STRING_H 1
| #define HAVE_SYS_IOCTL_H 1
| #define HAVE_SYS_SOCKET_H 1
| #define HAVE_SYS_TIME_H 1
| #define HAVE_SYSLOG_H 1
| #define HAVE_UNISTD_H 1
| #define HAVE_SYS_TYPES_H 1
| #define HAVE_SYS_SOCKET_H 1
| #define HAVE_VPRINTF 1
| #define HAVE_FSEEKO 1
| #define HAVE_STRNLEN 1
| #define HAVE_STRNDUP 1
| /* end confdefs.h.  */
| #include <pthread.h>
| int
| main ()
| {
| pthread_t th; pthread_join(th, 0);
|                      pthread_attr_init(0); pthread_cleanup_push(0, 0);
|                      pthread_create(0,0,0,0); pthread_cleanup_pop(0);
|   ;
|   return 0;
| }
configure:13743: result: no
configure:13651: checking whether pthreads work with -Kthread
configure:13734: gcc -o conftest -g -O2 -Os -Wall -Kthread   conftest.c   >&5
gcc: error: unrecognized command line option '-Kthread'
configure:13734: $? = 1
configure: failed program was:
| /* confdefs.h */
| #define PACKAGE_NAME "libupnp"
| #define PACKAGE_TARNAME "libupnp"
| #define PACKAGE_VERSION "1.6.22"
| #define PACKAGE_STRING "libupnp 1.6.22"
| #define PACKAGE_BUGREPORT "mroberto@users.sourceforge.net"
| #define PACKAGE_URL ""
| #define PACKAGE "libupnp"
| #define VERSION "1.6.22"
| #define UPNP_VERSION_STRING "1.6.22"
| #define UPNP_VERSION_MAJOR 1
| #define UPNP_VERSION_MINOR 6
| #define UPNP_VERSION_PATCH 22
| #define NDEBUG 1
| #define UPNP_HAVE_CLIENT 1
| #define UPNP_HAVE_DEVICE 1
| #define UPNP_HAVE_WEBSERVER 1
| #define UPNP_HAVE_SSDP 1
| #define UPNP_HAVE_OPTSSDP 1
| #define UPNP_HAVE_SOAP 1
| #define UPNP_HAVE_GENA 1
| #define UPNP_HAVE_TOOLS 1
| #define UPNP_ENABLE_NOTIFICATION_REORDERING 1
| #define UPNP_ENABLE_BLOCKING_TCP_CONNECTIONS 1
| #define IXML_HAVE_SCRIPTSUPPORT 1
| #define STDC_HEADERS 1
| #define HAVE_SYS_TYPES_H 1
| #define HAVE_SYS_STAT_H 1
| #define HAVE_STDLIB_H 1
| #define HAVE_STRING_H 1
| #define HAVE_MEMORY_H 1
| #define HAVE_STRINGS_H 1
| #define HAVE_INTTYPES_H 1
| #define HAVE_STDINT_H 1
| #define HAVE_UNISTD_H 1
| #define HAVE_DLFCN_H 1
| #define LT_OBJDIR ".libs/"
| #define _LARGE_FILE_SOURCE /**/
| #define _FILE_OFFSET_BITS 64
| #define STDC_HEADERS 1
| #define HAVE_ARPA_INET_H 1
| #define HAVE_FCNTL_H 1
| #define HAVE_INTTYPES_H 1
| #define HAVE_LIMITS_H 1
| #define HAVE_NETDB_H 1
| #define HAVE_NETINET_IN_H 1
| #define HAVE_STDLIB_H 1
| #define HAVE_STRING_H 1
| #define HAVE_SYS_IOCTL_H 1
| #define HAVE_SYS_SOCKET_H 1
| #define HAVE_SYS_TIME_H 1
| #define HAVE_SYSLOG_H 1
| #define HAVE_UNISTD_H 1
| #define HAVE_SYS_TYPES_H 1
| #define HAVE_SYS_SOCKET_H 1
| #define HAVE_VPRINTF 1
| #define HAVE_FSEEKO 1
| #define HAVE_STRNLEN 1
| #define HAVE_STRNDUP 1
| /* end confdefs.h.  */
| #include <pthread.h>
| int
| main ()
| {
| pthread_t th; pthread_join(th, 0);
|                      pthread_attr_init(0); pthread_cleanup_push(0, 0);
|                      pthread_create(0,0,0,0); pthread_cleanup_pop(0);
|   ;
|   return 0;
| }
configure:13743: result: no
configure:13651: checking whether pthreads work with -kthread
configure:13734: gcc -o conftest -g -O2 -Os -Wall -kthread   conftest.c   >&5
gcc: error: unrecognized command line option '-kthread'
configure:13734: $? = 1
configure: failed program was:
| /* confdefs.h */
| #define PACKAGE_NAME "libupnp"
| #define PACKAGE_TARNAME "libupnp"
| #define PACKAGE_VERSION "1.6.22"
| #define PACKAGE_STRING "libupnp 1.6.22"
| #define PACKAGE_BUGREPORT "mroberto@users.sourceforge.net"
| #define PACKAGE_URL ""
| #define PACKAGE "libupnp"
| #define VERSION "1.6.22"
| #define UPNP_VERSION_STRING "1.6.22"
| #define UPNP_VERSION_MAJOR 1
| #define UPNP_VERSION_MINOR 6
| #define UPNP_VERSION_PATCH 22
| #define NDEBUG 1
| #define UPNP_HAVE_CLIENT 1
| #define UPNP_HAVE_DEVICE 1
| #define UPNP_HAVE_WEBSERVER 1
| #define UPNP_HAVE_SSDP 1
| #define UPNP_HAVE_OPTSSDP 1
| #define UPNP_HAVE_SOAP 1
| #define UPNP_HAVE_GENA 1
| #define UPNP_HAVE_TOOLS 1
| #define UPNP_ENABLE_NOTIFICATION_REORDERING 1
| #define UPNP_ENABLE_BLOCKING_TCP_CONNECTIONS 1
| #define IXML_HAVE_SCRIPTSUPPORT 1
| #define STDC_HEADERS 1
| #define HAVE_SYS_TYPES_H 1
| #define HAVE_SYS_STAT_H 1
| #define HAVE_STDLIB_H 1
| #define HAVE_STRING_H 1
| #define HAVE_MEMORY_H 1
| #define HAVE_STRINGS_H 1
| #define HAVE_INTTYPES_H 1
| #define HAVE_STDINT_H 1
| #define HAVE_UNISTD_H 1
| #define HAVE_DLFCN_H 1
| #define LT_OBJDIR ".libs/"
| #define _LARGE_FILE_SOURCE /**/
| #define _FILE_OFFSET_BITS 64
| #define STDC_HEADERS 1
| #define HAVE_ARPA_INET_H 1
| #define HAVE_FCNTL_H 1
| #define HAVE_INTTYPES_H 1
| #define HAVE_LIMITS_H 1
| #define HAVE_NETDB_H 1
| #define HAVE_NETINET_IN_H 1
| #define HAVE_STDLIB_H 1
| #define HAVE_STRING_H 1
| #define HAVE_SYS_IOCTL_H 1
| #define HAVE_SYS_SOCKET_H 1
| #define HAVE_SYS_TIME_H 1
| #define HAVE_SYSLOG_H 1
| #define HAVE_UNISTD_H 1
| #define HAVE_SYS_TYPES_H 1
| #define HAVE_SYS_SOCKET_H 1
| #define HAVE_VPRINTF 1
| #define HAVE_FSEEKO 1
| #define HAVE_STRNLEN 1
| #define HAVE_STRNDUP 1
| /* end confdefs.h.  */
| #include <pthread.h>
| int
| main ()
| {
| pthread_t th; pthread_join(th, 0);
|                      pthread_attr_init(0); pthread_cleanup_push(0, 0);
|                      pthread_create(0,0,0,0); pthread_cleanup_pop(0);
|   ;
|   return 0;
| }
configure:13743: result: no
configure:13701: checking for the pthreads library -llthread
configure:13734: gcc -o conftest -g -O2 -Os -Wall    conftest.c -llthread  >&5
conftest.c: In function 'main':
conftest.c:66:22: warning: null argument where non-null required (argument 1) [-Wnonnull]
                      pthread_attr_init(0); pthread_cleanup_push(0, 0);
                      ^
conftest.c:67:22: warning: null argument where non-null required (argument 1) [-Wnonnull]
                      pthread_create(0,0,0,0); pthread_cleanup_pop(0);
                      ^
conftest.c:67:22: warning: null argument where non-null required (argument 3) [-Wnonnull]
conftest.c:65:15: warning: 'th' is used uninitialized in this function [-Wuninitialized]
 pthread_t th; pthread_join(th, 0);
               ^
/usr/bin/ld: cannot find -llthread
collect2: error: ld returned 1 exit status
configure:13734: $? = 1
configure: failed program was:
| /* confdefs.h */
| #define PACKAGE_NAME "libupnp"
| #define PACKAGE_TARNAME "libupnp"
| #define PACKAGE_VERSION "1.6.22"
| #define PACKAGE_STRING "libupnp 1.6.22"
| #define PACKAGE_BUGREPORT "mroberto@users.sourceforge.net"
| #define PACKAGE_URL ""
| #define PACKAGE "libupnp"
| #define VERSION "1.6.22"
| #define UPNP_VERSION_STRING "1.6.22"
| #define UPNP_VERSION_MAJOR 1
| #define UPNP_VERSION_MINOR 6
| #define UPNP_VERSION_PATCH 22
| #define NDEBUG 1
| #define UPNP_HAVE_CLIENT 1
| #define UPNP_HAVE_DEVICE 1
| #define UPNP_HAVE_WEBSERVER 1
| #define UPNP_HAVE_SSDP 1
| #define UPNP_HAVE_OPTSSDP 1
| #define UPNP_HAVE_SOAP 1
| #define UPNP_HAVE_GENA 1
| #define UPNP_HAVE_TOOLS 1
| #define UPNP_ENABLE_NOTIFICATION_REORDERING 1
| #define UPNP_ENABLE_BLOCKING_TCP_CONNECTIONS 1
| #define IXML_HAVE_SCRIPTSUPPORT 1
| #define STDC_HEADERS 1
| #define HAVE_SYS_TYPES_H 1
| #define HAVE_SYS_STAT_H 1
| #define HAVE_STDLIB_H 1
| #define HAVE_STRING_H 1
| #define HAVE_MEMORY_H 1
| #define HAVE_STRINGS_H 1
| #define HAVE_INTTYPES_H 1
| #define HAVE_STDINT_H 1
| #define HAVE_UNISTD_H 1
| #define HAVE_DLFCN_H 1
| #define LT_OBJDIR ".libs/"
| #define _LARGE_FILE_SOURCE /**/
| #define _FILE_OFFSET_BITS 64
| #define STDC_HEADERS 1
| #define HAVE_ARPA_INET_H 1
| #define HAVE_FCNTL_H 1
| #define HAVE_INTTYPES_H 1
| #define HAVE_LIMITS_H 1
| #define HAVE_NETDB_H 1
| #define HAVE_NETINET_IN_H 1
| #define HAVE_STDLIB_H 1
| #define HAVE_STRING_H 1
| #define HAVE_SYS_IOCTL_H 1
| #define HAVE_SYS_SOCKET_H 1
| #define HAVE_SYS_TIME_H 1
| #define HAVE_SYSLOG_H 1
| #define HAVE_UNISTD_H 1
| #define HAVE_SYS_TYPES_H 1
| #define HAVE_SYS_SOCKET_H 1
| #define HAVE_VPRINTF 1
| #define HAVE_FSEEKO 1
| #define HAVE_STRNLEN 1
| #define HAVE_STRNDUP 1
| /* end confdefs.h.  */
| #include <pthread.h>
| int
| main ()
| {
| pthread_t th; pthread_join(th, 0);
|                      pthread_attr_init(0); pthread_cleanup_push(0, 0);
|                      pthread_create(0,0,0,0); pthread_cleanup_pop(0);
|   ;
|   return 0;
| }
configure:13743: result: no
configure:13651: checking whether pthreads work with -pthread
configure:13734: gcc -o conftest -g -O2 -Os -Wall -pthread   conftest.c   >&5
conftest.c: In function 'main':
conftest.c:66:22: warning: null argument where non-null required (argument 1) [-Wnonnull]
                      pthread_attr_init(0); pthread_cleanup_push(0, 0);
                      ^
conftest.c:67:22: warning: null argument where non-null required (argument 1) [-Wnonnull]
                      pthread_create(0,0,0,0); pthread_cleanup_pop(0);
                      ^
conftest.c:67:22: warning: null argument where non-null required (argument 3) [-Wnonnull]
conftest.c:65:15: warning: 'th' is used uninitialized in this function [-Wuninitialized]
 pthread_t th; pthread_join(th, 0);
               ^
configure:13734: $? = 0
configure:13743: result: yes
configure:13762: checking for joinable pthread attribute
configure:13777: gcc -o conftest -g -O2 -Os -Wall -pthread   conftest.c   >&5
configure:13777: $? = 0
configure:13783: result: PTHREAD_CREATE_JOINABLE
configure:13793: checking if more special flags are required for pthreads
configure:13800: result: no
configure:13892: checking if pthread_rwlock_t is available
configure:13911: gcc -c -pthread -g -O2 -Os -Wall  conftest.c >&5
conftest.c: In function 'main':
conftest.c:66:19: warning: unused variable 'x' [-Wunused-variable]
 pthread_rwlock_t *x;
                   ^
configure:13911: $? = 0
configure:13915: result: yes, supported without any options
configure:14064: checking that generated files are newer than configure
configure:14070: result: done
configure:14174: creating ./config.status

## ---------------------- ##
## Running config.status. ##
## ---------------------- ##

This file was extended by libupnp config.status 1.6.22, which was
generated by GNU Autoconf 2.69.  Invocation command line was

  CONFIG_FILES    = 
  CONFIG_HEADERS  = 
  CONFIG_LINKS    = 
  CONFIG_COMMANDS = 
  $ ./config.status 

on x360

config.status:1174: creating Makefile
config.status:1174: creating ixml/Makefile
config.status:1174: creating ixml/doc/Makefile
config.status:1174: creating threadutil/Makefile
config.status:1174: creating upnp/Makefile
config.status:1174: creating upnp/doc/Makefile
config.status:1174: creating upnp/sample/Makefile
config.status:1174: creating docs/dist/Makefile
config.status:1174: creating libupnp.pc
config.status:1174: creating autoconfig.h
config.status:1355: autoconfig.h is unchanged
config.status:1174: creating upnp/inc/upnpconfig.h
config.status:1355: upnp/inc/upnpconfig.h is unchanged
config.status:1403: executing depfiles commands
config.status:1403: executing libtool commands

## ---------------- ##
## Cache variables. ##
## ---------------- ##

ac_cv_build=x86_64-unknown-linux-gnu
ac_cv_c_bigendian=no
ac_cv_c_compiler_gnu=yes
ac_cv_c_const=yes
ac_cv_cflags_gcc_option__Os=-Os
ac_cv_cflags_warn_all=-Wall
ac_cv_env_CC_set=
ac_cv_env_CC_value=
ac_cv_env_CFLAGS_set=
ac_cv_env_CFLAGS_value=
ac_cv_env_CPPFLAGS_set=
ac_cv_env_CPPFLAGS_value=
ac_cv_env_CPP_set=
ac_cv_env_CPP_value=
ac_cv_env_LDFLAGS_set=
ac_cv_env_LDFLAGS_value=
ac_cv_env_LIBS_set=
ac_cv_env_LIBS_value=
ac_cv_env_build_alias_set=
ac_cv_env_build_alias_value=
ac_cv_env_host_alias_set=
ac_cv_env_host_alias_value=
ac_cv_env_target_alias_set=
ac_cv_env_target_alias_value=
ac_cv_func__doprnt=no
ac_cv_func_strndup=yes
ac_cv_func_strnlen=yes
ac_cv_func_vprintf=yes
ac_cv_header_arpa_inet_h=yes
ac_cv_header_dlfcn_h=yes
ac_cv_header_fcntl_h=yes
ac_cv_header_inttypes_h=yes
ac_cv_header_limits_h=yes
ac_cv_header_memory_h=yes
ac_cv_header_netdb_h=yes
ac_cv_header_netinet_in_h=yes
ac_cv_header_stdc=yes
ac_cv_header_stdint_h=yes
ac_cv_header_stdlib_h=yes
ac_cv_header_string_h=yes
ac_cv_header_strings_h=yes
ac_cv_header_sys_ioctl_h=yes
ac_cv_header_sys_socket_h=yes
ac_cv_header_sys_stat_h=yes
ac_cv_header_sys_time_h=yes
ac_cv_header_sys_types_h=yes
ac_cv_header_syslog_h=yes
ac_cv_header_unistd_h=yes
ac_cv_header_ws2tcpip_h=no
ac_cv_host=x86_64-unknown-linux-gnu
ac_cv_objext=o
ac_cv_path_EGREP='/bin/grep -E'
ac_cv_path_FGREP='/bin/grep -F'
ac_cv_path_GREP=/bin/grep
ac_cv_path_SED=/bin/sed
ac_cv_path_install='/usr/bin/install -c'
ac_cv_path_mkdir=/bin/mkdir
ac_cv_prog_AWK=gawk
ac_cv_prog_CPP='gcc -E'
ac_cv_prog_ac_ct_AR=ar
ac_cv_prog_ac_ct_CC=gcc
ac_cv_prog_ac_ct_MANIFEST_TOOL=mt
ac_cv_prog_ac_ct_OBJDUMP=objdump
ac_cv_prog_ac_ct_RANLIB=ranlib
ac_cv_prog_ac_ct_STRIP=strip
ac_cv_prog_cc_c89=
ac_cv_prog_cc_g=yes
ac_cv_prog_cc_gcc_c_o=yes
ac_cv_prog_make_make_set=yes
ac_cv_search_bind='none required'
ac_cv_search_gethostbyname='none required'
ac_cv_search_sched_getparam='none required'
ac_cv_socklen_t=yes
ac_cv_sys_largefile_source=no
ac_cv_type_off_t=yes
ac_cv_type_size_t=yes
ac_cv_win32=no
am_cv_CC_dependencies_compiler_type=gcc3
am_cv_ar_interface=ar
am_cv_make_support_nested_variables=yes
lt_cv_ar_at_file=@
lt_cv_archive_cmds_need_lc=no
lt_cv_deplibs_check_method=pass_all
lt_cv_file_magic_cmd='$MAGIC_CMD'
lt_cv_file_magic_test_file=
lt_cv_ld_reload_flag=-r
lt_cv_nm_interface='BSD nm'
lt_cv_objdir=.libs
lt_cv_path_LD=/usr/bin/ld
lt_cv_path_NM='/usr/bin/nm -B'
lt_cv_path_mainfest_tool=no
lt_cv_prog_compiler_c_o=yes
lt_cv_prog_compiler_pic='-fPIC -DPIC'
lt_cv_prog_compiler_pic_works=yes
lt_cv_prog_compiler_rtti_exceptions=no
lt_cv_prog_compiler_static_works=yes
lt_cv_prog_gnu_ld=yes
lt_cv_sharedlib_from_linklib_cmd='printf %s\n'
lt_cv_shlibpath_overrides_runpath=no
lt_cv_sys_global_symbol_pipe='sed -n -e '\''s/^.*[	 ]\([ABCDGIRSTW][ABCDGIRSTW]*\)[	 ][	 ]*\([_A-Za-z][_A-Za-z0-9]*\)$/\1 \2 \2/p'\'' | sed '\''/ __gnu_lto/d'\'''
lt_cv_sys_global_symbol_to_c_name_address='sed -n -e '\''s/^: \([^ ]*\)[ ]*$/  {\"\1\", (void *) 0},/p'\'' -e '\''s/^[ABCDGIRSTW]* \([^ ]*\) \([^ ]*\)$/  {"\2", (void *) \&\2},/p'\'''
lt_cv_sys_global_symbol_to_c_name_address_lib_prefix='sed -n -e '\''s/^: \([^ ]*\)[ ]*$/  {\"\1\", (void *) 0},/p'\'' -e '\''s/^[ABCDGIRSTW]* \([^ ]*\) \(lib[^ ]*\)$/  {"\2", (void *) \&\2},/p'\'' -e '\''s/^[ABCDGIRSTW]* \([^ ]*\) \([^ ]*\)$/  {"lib\2", (void *) \&\2},/p'\'''
lt_cv_sys_global_symbol_to_cdecl='sed -n -e '\''s/^T .* \(.*\)$/extern int \1();/p'\'' -e '\''s/^[ABCDGIRSTW]* .* \(.*\)$/extern char \1;/p'\'''
lt_cv_sys_max_cmd_len=1572864
lt_cv_to_host_file_cmd=func_convert_file_noop
lt_cv_to_tool_file_cmd=func_convert_file_noop

## ----------------- ##
## Output variables. ##
## ----------------- ##

ACLOCAL='${SHELL} /home/gabriele/Documenti/Workspace/C/libupnp-1.6.22/build-aux/missing aclocal-1.13'
AMDEPBACKSLASH='\'
AMDEP_FALSE='#'
AMDEP_TRUE=''
AMTAR='$${TAR-tar}'
AM_BACKSLASH='\'
AM_DEFAULT_V='$(AM_DEFAULT_VERBOSITY)'
AM_DEFAULT_VERBOSITY='1'
AM_V='$(V)'
AR='ar'
AUTOCONF='${SHELL} /home/gabriele/Documenti/Workspace/C/libupnp-1.6.22/build-aux/missing autoconf'
AUTOHEADER='${SHELL} /home/gabriele/Documenti/Workspace/C/libupnp-1.6.22/build-aux/missing autoheader'
AUTOMAKE='${SHELL} /home/gabriele/Documenti/Workspace/C/libupnp-1.6.22/build-aux/missing automake-1.13'
AWK='gawk'
CC='gcc'
CCDEPMODE='depmode=gcc3'
CFLAGS='-pthread -g -O2 -Os -Wall'
CPP='gcc -E'
CPPFLAGS=''
CYGPATH_W='echo'
DEFS='-DHAVE_CONFIG_H'
DEPDIR='.deps'
DLLTOOL='false'
DSYMUTIL=''
DUMPBIN=''
ECHO_C=''
ECHO_N='-n'
ECHO_T=''
EGREP='/bin/grep -E'
ENABLE_BLOCKING_TCP_CONNECTIONS_FALSE='#'
ENABLE_BLOCKING_TCP_CONNECTIONS_TRUE=''
ENABLE_CLIENT_FALSE='#'
ENABLE_CLIENT_TRUE=''
ENABLE_DEBUG_FALSE=''
ENABLE_DEBUG_TRUE='#'
ENABLE_DEVICE_FALSE='#'
ENABLE_DEVICE_TRUE=''
ENABLE_GENA_FALSE='#'
ENABLE_GENA_TRUE=''
ENABLE_IPV6_FALSE=''
ENABLE_IPV6_TRUE='#'
ENABLE_NOTIFICATION_REORDERING_FALSE='#'
ENABLE_NOTIFICATION_REORDERING_TRUE=''
ENABLE_OPTSSDP_FALSE='#'
ENABLE_OPTSSDP_TRUE=''
ENABLE_POSTWRITE_FALSE=''
ENABLE_POSTWRITE_TRUE='#'
ENABLE_REUSEADDR_FALSE=''
ENABLE_REUSEADDR_TRUE='#'
ENABLE_SAMPLES_FALSE='#'
ENABLE_SAMPLES_TRUE=''
ENABLE_SCRIPTSUPPORT_FALSE='#'
ENABLE_SCRIPTSUPPORT_TRUE=''
ENABLE_SOAP_FALSE='#'
ENABLE_SOAP_TRUE=''
ENABLE_SSDP_FALSE='#'
ENABLE_SSDP_TRUE=''
ENABLE_TOOLS_FALSE='#'
ENABLE_TOOLS_TRUE=''
ENABLE_UNSPECIFIED_SERVER_FALSE=''
ENABLE_UNSPECIFIED_SERVER_TRUE='#'
ENABLE_UUID_FALSE='#'
ENABLE_UUID_TRUE=''
ENABLE_WEBSERVER_FALSE='#'
ENABLE_WEBSERVER_TRUE=''
EXEEXT=''
FGREP='/bin/grep -F'
GREP='/bin/grep'
INSTALL_DATA='${INSTALL} -m 644'
INSTALL_PROGRAM='${INSTALL}'
INSTALL_SCRIPT='${INSTALL}'
INSTALL_STRIP_PROGRAM='$(install_sh) -c -s'
LD='/usr/bin/ld -m elf_x86_64'
LDFLAGS=''
LIBOBJS=''
LIBS=' '
LIBTOOL='$(SHELL) $(top_builddir)/libtool'
LIPO=''
LN_S='ln -s'
LTLIBOBJS=''
LT_VERSION_IXML='2:8:0'
LT_VERSION_THREADUTIL='6:4:0'
LT_VERSION_UPNP='9:6:3'
MAKEINFO='${SHELL} /home/gabriele/Documenti/Workspace/C/libupnp-1.6.22/build-aux/missing makeinfo'
MANIFEST_TOOL=':'
MKDIR_P='/bin/mkdir -p'
NM='/usr/bin/nm -B'
NMEDIT=''
OBJDUMP='objdump'
OBJEXT='o'
OTOOL64=''
OTOOL=''
PACKAGE='libupnp'
PACKAGE_BUGREPORT='mroberto@users.sourceforge.net'
PACKAGE_NAME='libupnp'
PACKAGE_STRING='libupnp 1.6.22'
PACKAGE_TARNAME='libupnp'
PACKAGE_URL=''
PACKAGE_VERSION='1.6.22'
PATH_SEPARATOR=':'
PTHREAD_CC='gcc'
PTHREAD_CFLAGS='-pthread'
PTHREAD_LIBS=''
RANLIB='ranlib'
SED='/bin/sed'
SET_MAKE=''
SHELL='/bin/bash'
STRIP='strip'
VERSION='1.6.22'
WITH_DOCUMENTATION_FALSE=''
WITH_DOCUMENTATION_TRUE='#'
ac_ct_AR='ar'
ac_ct_CC='gcc'
ac_ct_DUMPBIN=''
acx_pthread_config=''
am__EXEEXT_FALSE=''
am__EXEEXT_TRUE='#'
am__fastdepCC_FALSE='#'
am__fastdepCC_TRUE=''
am__include='include'
am__isrc=''
am__leading_dot='.'
am__nodep='_no'
am__quote=''
am__tar='$${TAR-tar} chof - "$$tardir"'
am__untar='$${TAR-tar} xf -'
bindir='${exec_prefix}/bin'
build='x86_64-unknown-linux-gnu'
build_alias=''
build_cpu='x86_64'
build_os='linux-gnu'
build_vendor='unknown'
datadir='${datarootdir}'
datarootdir='${prefix}/share'
docdir='${datarootdir}/doc/libupnp-1.6.22'
dvidir='${docdir}'
exec_prefix='${prefix}'
host='x86_64-unknown-linux-gnu'
host_alias=''
host_cpu='x86_64'
host_os='linux-gnu'
host_vendor='unknown'
htmldir='${docdir}'
includedir='${prefix}/include'
infodir='${datarootdir}/info'
install_sh='${SHELL} /home/gabriele/Documenti/Workspace/C/libupnp-1.6.22/build-aux/install-sh'
libdir='${exec_prefix}/lib'
libexecdir='${exec_prefix}/libexec'
localedir='${datarootdir}/locale'
localstatedir='${prefix}/var'
mandir='${datarootdir}/man'
mkdir_p='$(MKDIR_P)'
oldincludedir='/usr/include'
pdfdir='${docdir}'
prefix='/usr/local'
program_transform_name='s,x,x,'
psdir='${docdir}'
sbindir='${exec_prefix}/sbin'
sharedstatedir='${prefix}/com'
sysconfdir='${prefix}/etc'
target_alias=''

## ----------- ##
## confdefs.h. ##
## ----------- ##

/* confdefs.h */
#define PACKAGE_NAME "libupnp"
#define PACKAGE_TARNAME "libupnp"
#define PACKAGE_VERSION "1.6.22"
#define PACKAGE_STRING "libupnp 1.6.22"
#define PACKAGE_BUGREPORT "mroberto@users.sourceforge.net"
#define PACKAGE_URL ""
#define PACKAGE "libupnp"
#define VERSION "1.6.22"
#define UPNP_VERSION_STRING "1.6.22"
#define UPNP_VERSION_MAJOR 1
#define UPNP_VERSION_MINOR 6
#define UPNP_VERSION_PATCH 22
#define NDEBUG 1
#define UPNP_HAVE_CLIENT 1
#define UPNP_HAVE_DEVICE 1
#define UPNP_HAVE_WEBSERVER 1
#define UPNP_HAVE_SSDP 1
#define UPNP_HAVE_OPTSSDP 1
#define UPNP_HAVE_SOAP 1
#define UPNP_HAVE_GENA 1
#define UPNP_HAVE_TOOLS 1
#define UPNP_ENABLE_NOTIFICATION_REORDERING 1
#define UPNP_ENABLE_BLOCKING_TCP_CONNECTIONS 1
#define IXML_HAVE_SCRIPTSUPPORT 1
#define STDC_HEADERS 1
#define HAVE_SYS_TYPES_H 1
#define HAVE_SYS_STAT_H 1
#define HAVE_STDLIB_H 1
#define HAVE_STRING_H 1
#define HAVE_MEMORY_H 1
#define HAVE_STRINGS_H 1
#define HAVE_INTTYPES_H 1
#define HAVE_STDINT_H 1
#define HAVE_UNISTD_H 1
#define HAVE_DLFCN_H 1
#define LT_OBJDIR ".libs/"
#define _LARGE_FILE_SOURCE /**/
#define _FILE_OFFSET_BITS 64
#define STDC_HEADERS 1
#define HAVE_ARPA_INET_H 1
#define HAVE_FCNTL_H 1
#define HAVE_INTTYPES_H 1
#define HAVE_LIMITS_H 1
#define HAVE_NETDB_H 1
#define HAVE_NETINET_IN_H 1
#define HAVE_STDLIB_H 1
#define HAVE_STRING_H 1
#define HAVE_SYS_IOCTL_H 1
#define HAVE_SYS_SOCKET_H 1
#define HAVE_SYS_TIME_H 1
#define HAVE_SYSLOG_H 1
#define HAVE_UNISTD_H 1
#define HAVE_SYS_TYPES_H 1
#define HAVE_SYS_SOCKET_H 1
#define HAVE_VPRINTF 1
#define HAVE_FSEEKO 1
#define HAVE_STRNLEN 1
#define HAVE_STRNDUP 1
#define HAVE_PTHREAD 1
#define UPNP_USE_RWLOCK 1

configure: exit 0
